<?xml version="1.0" encoding="utf-8"?>
<TestRun id="f0b0dcab-95a6-4d2e-9dfc-cf6545cf5a32" name="HasTech@DESKTOP-MA012GO 2026-09-17 22:41:24" runUser="DESKTOP-MA012GO\CodexSandboxOffline" xmlns="http://microsoft.com/schemas/VisualStudio/TeamTest/2010">
  <Times creation="2026-09-17T22:41:24.8249205+03:00" queuing="2026-09-17T22:41:24.8249208+03:00" start="2026-09-17T22:41:23.6337160+03:00" finish="2026-09-17T22:41:24.8417537+03:00" />
  <TestSettings name="default" id="9e661b93-d841-4af1-aee7-f992cbf8ece1">
    <Deployment runDeploymentRoot="HasTech_DESKTOP-MA012GO_2026-09-17_22_41_24" />
  </TestSettings>
  <Results>
    <UnitTestResult executionId="96f1d10d-3579-4ea2-9dbc-aa8f0645b98d" testId="76163c1c-34dd-2ba1-3fe5-a42aa0a1b518" testName="CardiacMonitor.UnitTests.CiPipelineVerificationTests.PipelineVerification_DetectsFailure" computerName="DESKTOP-MA012GO" duration="00:00:00.0084338" startTime="2026-09-17T22:41:24.6492048+03:00" endTime="2026-09-17T22:41:24.6492421+03:00" testType="13cdc9d9-ddb5-4fa4-a97d-d965ccfc6d4b" outcome="Failed" testListId="8c84fa94-04c1-424b-9868-57a2d4851a1d" relativeResultsDirectory="96f1d10d-3579-4ea2-9dbc-aa8f0645b98d">
      <Output>
        <ErrorInfo>
          <Message>Assert.Equal() Failure: Values differ&#xD;
Expected: 2&#xD;
Actual:   3</Message>
          <StackTrace>   at CardiacMonitor.UnitTests.CiPipelineVerificationTests.PipelineVerification_DetectsFailure() in D:\Visual Studio\Mohammad-Abdelfattah-BinX-Backend-Internship\CardiacMonitor\tests\CardiacMonitor.UnitTests\CiPipelineVerificationTests.cs:line 9&#xD;
   at System.RuntimeMethodHandle.InvokeMethod(Object target, Void** arguments, Signature sig, Boolean isConstructor)&#xD;
   at System.Reflection.MethodBaseInvoker.InvokeWithNoArgs(Object obj, BindingFlags invokeAttr)</StackTrace>
        </ErrorInfo>
      </Output>
    </UnitTestResult>
  </Results>
  <TestDefinitions>
    <UnitTest name="CardiacMonitor.UnitTests.CiPipelineVerificationTests.PipelineVerification_DetectsFailure" storage="d:\visual studio\mohammad-abdelfattah-binx-backend-internship\cardiacmonitor\tests\cardiacmonitor.unittests\bin\release\net8.0\cardiacmonitor.unittests.dll" id="76163c1c-34dd-2ba1-3fe5-a42aa0a1b518">
      <Execution id="96f1d10d-3579-4ea2-9dbc-aa8f0645b98d" />
      <TestMethod codeBase="D:\Visual Studio\Mohammad-Abdelfattah-BinX-Backend-Internship\CardiacMonitor\tests\CardiacMonitor.UnitTests\bin\Release\net8.0\CardiacMonitor.UnitTests.dll" adapterTypeName="executor://xunit/VsTestRunner2/netcoreapp" className="CardiacMonitor.UnitTests.CiPipelineVerificationTests" name="PipelineVerification_DetectsFailure" />
    </UnitTest>
  </TestDefinitions>
  <TestEntries>
    <TestEntry testId="76163c1c-34dd-2ba1-3fe5-a42aa0a1b518" executionId="96f1d10d-3579-4ea2-9dbc-aa8f0645b98d" testListId="8c84fa94-04c1-424b-9868-57a2d4851a1d" />
  </TestEntries>
  <TestLists>
    <TestList name="Results Not in a List" id="8c84fa94-04c1-424b-9868-57a2d4851a1d" />
    <TestList name="All Loaded Results" id="19431567-8539-422a-85d7-44ee4e166bda" />
  </TestLists>
  <ResultSummary outcome="Failed">
    <Counters total="1" executed="1" passed="0" failed="1" error="0" timeout="0" aborted="0" inconclusive="0" passedButRunAborted="0" notRunnable="0" notExecuted="0" disconnected="0" warning="0" completed="0" inProgress="0" pending="0" />
    <Output>
      <StdOut>[xUnit.net 00:00:00.00] xUnit.net VSTest Adapter v2.5.3.1+6b60a9e56a (64-bit .NET 8.0.31)&#xD;
[xUnit.net 00:00:00.12]   Discovering: CardiacMonitor.UnitTests&#xD;
[xUnit.net 00:00:00.19]   Discovered:  CardiacMonitor.UnitTests&#xD;
[xUnit.net 00:00:00.20]   Starting:    CardiacMonitor.UnitTests&#xD;
[xUnit.net 00:00:00.29]       Assert.Equal() Failure: Values differ&#xD;
[xUnit.net 00:00:00.29]       Expected: 2&#xD;
[xUnit.net 00:00:00.29]       Actual:   3&#xD;
[xUnit.net 00:00:00.29]       Stack Trace:&#xD;
[xUnit.net 00:00:00.29]         D:\Visual Studio\Mohammad-Abdelfattah-BinX-Backend-Internship\CardiacMonitor\tests\CardiacMonitor.UnitTests\CiPipelineVerificationTests.cs(9,0): at CardiacMonitor.UnitTests.CiPipelineVerificationTests.PipelineVerification_DetectsFailure()&#xD;
[xUnit.net 00:00:00.29]            at System.RuntimeMethodHandle.InvokeMethod(Object target, Void** arguments, Signature sig, Boolean isConstructor)&#xD;
[xUnit.net 00:00:00.29]            at System.Reflection.MethodBaseInvoker.InvokeWithNoArgs(Object obj, BindingFlags invokeAttr)&#xD;
[xUnit.net 00:00:00.30]   Finished:    CardiacMonitor.UnitTests&#xD;
</StdOut>
    </Output>
    <RunInfos>
      <RunInfo computerName="DESKTOP-MA012GO" outcome="Error" timestamp="2026-09-17T22:41:24.6457838+03:00">
        <Text>[xUnit.net 00:00:00.29]     CardiacMonitor.UnitTests.CiPipelineVerificationTests.PipelineVerification_DetectsFailure [FAIL]</Text>
      </RunInfo>
    </RunInfos>
  </ResultSummary>
</TestRun>